<?xml version="1.0" encoding="UTF-8" ?>
<testsuite failures="0" time="419.987" errors="0" skipped="0" tests="100" name="SampleTest">
  <properties>
    <property name="java.runtime.name" value="Java(TM) SE Runtime Environment"/>
    <property name="sun.boot.library.path" value="/Library/Java/JavaVirtualMachines/jdk1.7.0_45.jdk/Contents/Home/jre/lib"/>
    <property name="java.vm.version" value="24.45-b08"/>
    <property name="gopherProxySet" value="false"/>
    <property name="java.vm.vendor" value="Oracle Corporation"/>
    <property name="java.vendor.url" value="http://java.oracle.com/"/>
    <property name="path.separator" value=":"/>
    <property name="guice.disable.misplaced.annotation.check" value="true"/>
    <property name="java.vm.name" value="Java HotSpot(TM) 64-Bit Server VM"/>
    <property name="file.encoding.pkg" value="sun.io"/>
    <property name="user.country" value="US"/>
    <property name="sun.java.launcher" value="SUN_STANDARD"/>
    <property name="sun.os.patch.level" value="unknown"/>
    <property name="java.vm.specification.name" value="Java Virtual Machine Specification"/>
    <property name="user.dir" value="/Users/prannamalai/Documents/eclipse_workspace/sample"/>
    <property name="java.runtime.version" value="1.7.0_45-b18"/>
    <property name="java.awt.graphicsenv" value="sun.awt.CGraphicsEnvironment"/>
    <property name="java.endorsed.dirs" value="/Library/Java/JavaVirtualMachines/jdk1.7.0_45.jdk/Contents/Home/jre/lib/endorsed"/>
    <property name="os.arch" value="x86_64"/>
    <property name="java.io.tmpdir" value="/var/folders/6x/0hfhc1x13vz9r2435t3ydvq43902j6/T/"/>
    <property name="line.separator" value="
"/>
    <property name="java.vm.specification.vendor" value="Oracle Corporation"/>
    <property name="os.name" value="Mac OS X"/>
    <property name="classworlds.conf" value="/Users/prannamalai/Documents/eclipse_workspace/.metadata/.plugins/org.eclipse.m2e.launching/launches/m2conf6165976063861222184.tmp"/>
    <property name="sun.jnu.encoding" value="UTF-8"/>
    <property name="java.library.path" value="/Users/prannamalai/Library/Java/Extensions:/Library/Java/Extensions:/Network/Library/Java/Extensions:/System/Library/Java/Extensions:/usr/lib/java:."/>
    <property name="java.specification.name" value="Java Platform API Specification"/>
    <property name="java.class.version" value="51.0"/>
    <property name="sun.management.compiler" value="HotSpot 64-Bit Tiered Compilers"/>
    <property name="os.version" value="10.9.2"/>
    <property name="http.nonProxyHosts" value="local|*.local|169.254/16|*.169.254/16"/>
    <property name="user.home" value="/Users/prannamalai"/>
    <property name="user.timezone" value="Asia/Kolkata"/>
    <property name="java.awt.printerjob" value="sun.lwawt.macosx.CPrinterJob"/>
    <property name="java.specification.version" value="1.7"/>
    <property name="file.encoding" value="US-ASCII"/>
    <property name="user.name" value="prannamalai"/>
    <property name="java.class.path" value="/Users/prannamalai/eclipse/configuration/org.eclipse.osgi/bundles/531/1/.cp/jars/plexus-classworlds-2.4.jar"/>
    <property name="java.vm.specification.version" value="1.7"/>
    <property name="sun.arch.data.model" value="64"/>
    <property name="java.home" value="/Library/Java/JavaVirtualMachines/jdk1.7.0_45.jdk/Contents/Home/jre"/>
    <property name="sun.java.command" value="org.codehaus.plexus.classworlds.launcher.Launcher -B test"/>
    <property name="java.specification.vendor" value="Oracle Corporation"/>
    <property name="user.language" value="en"/>
    <property name="awt.toolkit" value="sun.lwawt.macosx.LWCToolkit"/>
    <property name="java.vm.info" value="mixed mode"/>
    <property name="java.version" value="1.7.0_45"/>
    <property name="java.ext.dirs" value="/Users/prannamalai/Library/Java/Extensions:/Library/Java/JavaVirtualMachines/jdk1.7.0_45.jdk/Contents/Home/jre/lib/ext:/Library/Java/Extensions:/Network/Library/Java/Extensions:/System/Library/Java/Extensions:/usr/lib/java"/>
    <property name="sun.boot.class.path" value="/Library/Java/JavaVirtualMachines/jdk1.7.0_45.jdk/Contents/Home/jre/lib/resources.jar:/Library/Java/JavaVirtualMachines/jdk1.7.0_45.jdk/Contents/Home/jre/lib/rt.jar:/Library/Java/JavaVirtualMachines/jdk1.7.0_45.jdk/Contents/Home/jre/lib/sunrsasign.jar:/Library/Java/JavaVirtualMachines/jdk1.7.0_45.jdk/Contents/Home/jre/lib/jsse.jar:/Library/Java/JavaVirtualMachines/jdk1.7.0_45.jdk/Contents/Home/jre/lib/jce.jar:/Library/Java/JavaVirtualMachines/jdk1.7.0_45.jdk/Contents/Home/jre/lib/charsets.jar:/Library/Java/JavaVirtualMachines/jdk1.7.0_45.jdk/Contents/Home/jre/lib/jfr.jar:/Library/Java/JavaVirtualMachines/jdk1.7.0_45.jdk/Contents/Home/jre/lib/JObjC.jar:/Library/Java/JavaVirtualMachines/jdk1.7.0_45.jdk/Contents/Home/jre/classes"/>
    <property name="java.vendor" value="Oracle Corporation"/>
    <property name="maven.home" value="/Users/prannamalai/Documents/eclipse_workspace/sample/EMBEDDED"/>
    <property name="file.separator" value="/"/>
    <property name="java.vendor.url.bug" value="http://bugreport.sun.com/bugreport/"/>
    <property name="maven.bootclasspath" value="/Users/prannamalai/eclipse/configuration/org.eclipse.osgi/bundles/531/1/.cp/jars/plexus-classworlds-2.4.jar"/>
    <property name="sun.cpu.endian" value="little"/>
    <property name="sun.io.unicode.encoding" value="UnicodeBig"/>
    <property name="socksNonProxyHosts" value="local|*.local|169.254/16|*.169.254/16"/>
    <property name="ftp.nonProxyHosts" value="local|*.local|169.254/16|*.169.254/16"/>
    <property name="sun.cpu.isalist" value=""/>
  </properties>
  <testcase time="26.282" classname="SampleTest" name="loadTest"/>
  <testcase time="0.461" classname="SampleTest" name="loadTest"/>
  <testcase time="1.637" classname="SampleTest" name="loadTest"/>
  <testcase time="1.342" classname="SampleTest" name="loadTest"/>
  <testcase time="2.071" classname="SampleTest" name="loadTest"/>
  <testcase time="15.113" classname="SampleTest" name="loadTest"/>
  <testcase time="2.481" classname="SampleTest" name="loadTest"/>
  <testcase time="0.447" classname="SampleTest" name="loadTest"/>
  <testcase time="0.174" classname="SampleTest" name="loadTest"/>
  <testcase time="5.159" classname="SampleTest" name="loadTest"/>
  <testcase time="8.896" classname="SampleTest" name="loadTest"/>
  <testcase time="0.416" classname="SampleTest" name="loadTest"/>
  <testcase time="10.094" classname="SampleTest" name="loadTest"/>
  <testcase time="0.021" classname="SampleTest" name="loadTest"/>
  <testcase time="2.057" classname="SampleTest" name="loadTest"/>
  <testcase time="2.787" classname="SampleTest" name="loadTest"/>
  <testcase time="8.853" classname="SampleTest" name="loadTest"/>
  <testcase time="1.386" classname="SampleTest" name="loadTest"/>
  <testcase time="4.576" classname="SampleTest" name="loadTest"/>
  <testcase time="1.727" classname="SampleTest" name="loadTest"/>
  <testcase time="6.107" classname="SampleTest" name="loadTest"/>
  <testcase time="3.119" classname="SampleTest" name="loadTest"/>
  <testcase time="1.11" classname="SampleTest" name="loadTest"/>
  <testcase time="3.138" classname="SampleTest" name="loadTest"/>
  <testcase time="5.34" classname="SampleTest" name="loadTest"/>
  <testcase time="5.873" classname="SampleTest" name="loadTest"/>
  <testcase time="0.402" classname="SampleTest" name="loadTest"/>
  <testcase time="4.17" classname="SampleTest" name="loadTest"/>
  <testcase time="2.46" classname="SampleTest" name="loadTest"/>
  <testcase time="5.096" classname="SampleTest" name="loadTest"/>
  <testcase time="6.823" classname="SampleTest" name="loadTest"/>
  <testcase time="0.085" classname="SampleTest" name="loadTest"/>
  <testcase time="0.613" classname="SampleTest" name="loadTest"/>
  <testcase time="10.806" classname="SampleTest" name="loadTest"/>
  <testcase time="0.842" classname="SampleTest" name="loadTest"/>
  <testcase time="7.512" classname="SampleTest" name="loadTest"/>
  <testcase time="2.264" classname="SampleTest" name="loadTest"/>
  <testcase time="0.463" classname="SampleTest" name="loadTest"/>
  <testcase time="11.376" classname="SampleTest" name="loadTest"/>
  <testcase time="1.066" classname="SampleTest" name="loadTest"/>
  <testcase time="1.976" classname="SampleTest" name="loadTest"/>
  <testcase time="0.026" classname="SampleTest" name="loadTest"/>
  <testcase time="10.827" classname="SampleTest" name="loadTest"/>
  <testcase time="5.848" classname="SampleTest" name="loadTest"/>
  <testcase time="0.895" classname="SampleTest" name="loadTest"/>
  <testcase time="2.407" classname="SampleTest" name="loadTest"/>
  <testcase time="0.72" classname="SampleTest" name="loadTest"/>
  <testcase time="8.157" classname="SampleTest" name="loadTest"/>
  <testcase time="7.194" classname="SampleTest" name="loadTest"/>
  <testcase time="0.712" classname="SampleTest" name="loadTest"/>
  <testcase time="2.74" classname="SampleTest" name="loadTest"/>
  <testcase time="7.197" classname="SampleTest" name="loadTest"/>
  <testcase time="1.321" classname="SampleTest" name="loadTest"/>
  <testcase time="6.857" classname="SampleTest" name="loadTest"/>
  <testcase time="3.978" classname="SampleTest" name="loadTest"/>
  <testcase time="1.423" classname="SampleTest" name="loadTest"/>
  <testcase time="2.572" classname="SampleTest" name="loadTest"/>
  <testcase time="6.94" classname="SampleTest" name="loadTest"/>
  <testcase time="4.204" classname="SampleTest" name="loadTest"/>
  <testcase time="3.977" classname="SampleTest" name="loadTest"/>
  <testcase time="1.494" classname="SampleTest" name="loadTest"/>
  <testcase time="5.48" classname="SampleTest" name="loadTest"/>
  <testcase time="3.914" classname="SampleTest" name="loadTest"/>
  <testcase time="4.862" classname="SampleTest" name="loadTest"/>
  <testcase time="2.283" classname="SampleTest" name="loadTest"/>
  <testcase time="1.425" classname="SampleTest" name="loadTest"/>
  <testcase time="5.811" classname="SampleTest" name="loadTest"/>
  <testcase time="5.429" classname="SampleTest" name="loadTest"/>
  <testcase time="0.85" classname="SampleTest" name="loadTest"/>
  <testcase time="4.514" classname="SampleTest" name="loadTest"/>
  <testcase time="1.292" classname="SampleTest" name="loadTest"/>
  <testcase time="7.133" classname="SampleTest" name="loadTest"/>
  <testcase time="2.241" classname="SampleTest" name="loadTest"/>
  <testcase time="5.242" classname="SampleTest" name="loadTest"/>
  <testcase time="2.845" classname="SampleTest" name="loadTest"/>
  <testcase time="0.153" classname="SampleTest" name="loadTest"/>
  <testcase time="9.47" classname="SampleTest" name="loadTest"/>
  <testcase time="3.969" classname="SampleTest" name="loadTest"/>
  <testcase time="4.811" classname="SampleTest" name="loadTest"/>
  <testcase time="3.287" classname="SampleTest" name="loadTest"/>
  <testcase time="6.108" classname="SampleTest" name="loadTest"/>
  <testcase time="8.154" classname="SampleTest" name="loadTest"/>
  <testcase time="4.445" classname="SampleTest" name="loadTest"/>
  <testcase time="0.019" classname="SampleTest" name="loadTest"/>
  <testcase time="7.869" classname="SampleTest" name="loadTest"/>
  <testcase time="3.473" classname="SampleTest" name="loadTest"/>
  <testcase time="7.731" classname="SampleTest" name="loadTest"/>
  <testcase time="1.805" classname="SampleTest" name="loadTest"/>
  <testcase time="2.74" classname="SampleTest" name="loadTest"/>
  <testcase time="1.342" classname="SampleTest" name="loadTest"/>
  <testcase time="5.597" classname="SampleTest" name="loadTest"/>
  <testcase time="10.668" classname="SampleTest" name="loadTest"/>
  <testcase time="3.167" classname="SampleTest" name="loadTest"/>
  <testcase time="0.025" classname="SampleTest" name="loadTest"/>
  <testcase time="0.134" classname="SampleTest" name="loadTest"/>
  <testcase time="10.556" classname="SampleTest" name="loadTest"/>
  <testcase time="16.301" classname="SampleTest" name="loadTest"/>
  <testcase time="19.369" classname="SampleTest" name="loadTest"/>
  <testcase time="24.998" classname="SampleTest" name="loadTest"/>
  <testcase time="25.136" classname="SampleTest" name="loadTest"/>
</testsuite>